    Checking cfg-if v1.0.4
    Checking memchr v2.7.6
    Checking itoa v1.0.16
    Checking once_cell v1.21.3
    Checking allocator-api2 v0.2.21
    Checking equivalent v1.0.2
    Checking pin-project-lite v0.2.16
    Checking log v0.4.29
    Checking smallvec v1.15.1
    Checking futures-core v0.3.31
    Checking futures-sink v0.3.31
    Checking libc v0.2.178
    Checking serde_core v1.0.228
    Checking scopeguard v1.2.0
    Checking futures-io v0.3.31
    Checking futures-task v0.3.31
    Checking slab v0.4.11
    Checking pin-utils v0.1.0
    Checking foldhash v0.1.5
    Checking foldhash v0.2.0
    Checking lock_api v0.4.14
    Checking ryu v1.0.21
    Checking fnv v1.0.7
    Checking futures-channel v0.3.31
    Checking tracing-core v0.1.35
   Compiling num-traits v0.2.19
    Checking zeroize v1.8.2
    Checking libm v0.2.15
    Checking bitflags v2.10.0
    Checking subtle v2.6.1
   Compiling zerocopy v0.8.31
    Checking crc32fast v1.5.0
   Compiling zerocopy-derive v0.8.31
    Checking hashbrown v0.15.5
    Checking hashbrown v0.16.1
    Checking regex-syntax v0.8.8
    Checking either v1.15.0
    Checking percent-encoding v2.3.2
    Checking core-foundation-sys v0.8.7
   Compiling time-macros v0.2.24
    Checking futures-util v0.3.31
    Checking aho-corasick v1.1.4
    Checking parking_lot_core v0.9.12
    Checking socket2 v0.6.1
    Checking mio v1.1.1
    Checking signal-hook-registry v1.4.7
    Checking getrandom v0.2.16
    Checking parking_lot v0.12.5
    Checking tracing v0.1.43
    Checking getrandom v0.3.4
   Compiling serde_json v1.0.146
    Checking untrusted v0.9.0
    Checking tower-service v0.3.3
   Compiling cmake v0.1.56
   Compiling dunce v1.0.5
   Compiling fs_extra v1.3.0
    Checking ring v0.17.14
    Checking stable_deref_trait v1.2.1
    Checking try-lock v0.2.5
    Checking httpdate v1.0.3
    Checking tower-layer v0.3.3
    Checking base64 v0.22.1
    Checking want v0.3.1
    Checking httparse v1.10.1
   Compiling system-configuration-sys v0.6.0
    Checking powerfmt v0.2.0
    Checking rustls-pki-types v1.13.2
   Compiling aws-lc-rs v1.15.2
   Compiling aws-lc-sys v0.35.0
    Checking num-conv v0.1.0
    Checking time-core v0.1.6
    Checking simd-adler32 v0.3.8
    Checking adler2 v2.0.1
    Checking atomic-waker v1.1.2
    Checking core-foundation v0.9.4
   Compiling zstd-sys v2.0.16+zstd.1.5.7
    Checking miniz_oxide v0.8.9
    Checking ipnet v2.11.0
    Checking thiserror v2.0.17
    Checking sync_wrapper v1.0.2
   Compiling rustls v0.23.35
    Checking security-framework-sys v2.15.0
    Checking core-foundation v0.10.1
   Compiling zstd-safe v7.2.4
    Checking regex-automata v0.4.13
    Checking flate2 v1.1.5
    Checking serde v1.0.228
    Checking indexmap v2.12.1
    Checking deranged v0.5.5
    Checking security-framework v3.5.1
    Checking thiserror v1.0.69
    Checking fastrand v2.3.0
    Checking anyhow v1.0.100
    Checking rand_core v0.6.4
    Checking lazy_static v1.5.0
    Checking rand_core v0.9.3
    Checking errno v0.3.14
    Checking crossbeam-utils v0.8.21
    Checking mime v0.3.17
    Checking rustix v1.1.2
    Checking itertools v0.14.0
    Checking is-terminal v0.4.17
    Checking system-configuration v0.6.1
    Checking bytes v1.11.0
    Checking minimal-lexical v0.2.1
    Checking pin-project v1.1.10
    Checking nom v7.1.3
    Checking anstyle v1.0.13
    Checking crossbeam-epoch v0.9.18
    Checking futures-executor v0.3.31
    Checking matchit v0.8.4
    Checking utf8parse v0.2.2
    Checking crossbeam-deque v0.8.6
    Checking tokio v1.48.0
    Checking http v1.4.0
    Checking no-std-net v0.6.0
    Checking rustls-native-certs v0.8.2
    Checking pnet_base v0.35.0
    Checking rayon-core v1.13.0
    Checking tempfile v3.23.0
    Checking anstyle-parse v0.2.7
    Checking time v0.3.44
    Checking zerofrom v0.1.6
   Compiling encoding_index_tests v0.1.4
    Checking anstyle-query v1.1.5
    Checking colorchoice v1.0.4
    Checking http-body v1.0.1
    Checking is_terminal_polyfill v1.70.2
    Checking byteorder v1.5.0
    Checking yoke v0.8.1
    Checking futures v0.3.31
    Checking anstream v0.6.21
    Checking rayon v1.11.0
    Checking http-body-util v0.1.3
    Checking uuid v1.19.0
    Checking pnet_macros_support v0.35.0
    Checking pnet_sys v0.35.0
    Checking zerovec v0.11.5
    Checking pnet_packet v0.35.0
    Checking tracing-serde v0.2.0
    Checking axum-core v0.5.5
   Compiling prost-derive v0.14.1
    Checking ipnetwork v0.20.0
    Checking sharded-slab v0.1.7
    Checking protobuf-support v3.7.2
   Compiling encoding_rs v0.8.35
    Checking ppv-lite86 v0.2.21
    Checking tracing-log v0.2.0
    Checking regex v1.12.2
    Checking matchers v0.2.0
    Checking objc2-core-foundation v0.3.2
    Checking thread_local v1.1.9
    Checking nu-ansi-term v0.50.3
    Checking protobuf v3.7.2
    Checking env_filter v0.1.4
    Checking rand_chacha v0.9.0
    Checking pnet_datalink v0.35.0
   Compiling csv-core v0.1.13
    Checking typenum v1.19.0
    Checking rand v0.9.2
   Compiling humantime v2.3.0
    Checking futures-timer v3.0.3
   Compiling yada v0.5.1
    Checking objc2-io-kit v0.3.2
    Checking jiff v0.2.16
   Compiling termcolor v1.4.1
   Compiling quickwit-common v0.8.0 (/Users/cong.xie/go/src/github.com/DataDog/quickwit/quickwit/quickwit-common)
    Checking generic-array v0.14.7
    Checking tracing-subscriber v0.3.22
    Checking sysinfo v0.37.2
    Checking rand_distr v0.5.1
   Compiling env_logger v0.10.2
    Checking async-speed-limit v0.4.2
    Checking prost v0.14.1
   Compiling encoding-index-simpchinese v1.20141219.5
   Compiling csv v1.4.0
   Compiling encoding-index-korean v1.20141219.5
   Compiling encoding-index-japanese v1.20141219.5
   Compiling encoding-index-singlebyte v1.20141219.5
   Compiling encoding-index-tradchinese v1.20141219.5
    Checking http v0.2.12
    Checking bytesize v1.3.3
    Checking hostname v0.4.2
    Checking coarsetime v0.1.36
    Checking pnet_transport v0.35.0
    Checking home v0.5.12
    Checking dyn-clone v1.0.20
   Compiling bincode v1.3.3
   Compiling lindera-decompress v0.27.2
    Checking siphasher v1.0.1
    Checking pnet v0.35.0
   Compiling encoding v0.2.33
    Checking tinystr v0.8.2
    Checking num-integer v0.1.46
    Checking writeable v0.6.2
    Checking litemap v0.8.1
    Checking tokio-util v0.7.17
   Compiling lindera-compress v0.27.2
    Checking zerotrie v0.2.3
    Checking potential_utf v0.1.4
    Checking icu_locale_core v2.1.1
    Checking prometheus v0.14.0
    Checking http-body v0.4.6
    Checking icu_collections v2.1.1
   Compiling lindera-core v0.27.2
    Checking hex v0.4.3
   Compiling prost-types v0.14.1
    Checking outref v0.5.2
    Checking vsimd v0.8.0
    Checking icu_properties_data v2.1.2
    Checking icu_normalizer_data v2.1.1
    Checking block-buffer v0.10.4
    Checking crypto-common v0.1.7
    Checking rand_chacha v0.3.1
    Checking bytes-utils v0.1.4
    Checking form_urlencoded v1.2.2
   Compiling strsim v0.11.1
    Checking digest v0.10.7
    Checking icu_provider v2.1.1
    Checking base64-simd v0.8.0
   Compiling xattr v1.6.1
    Checking rand v0.8.5
    Checking opentelemetry v0.31.0
   Compiling filetime v0.2.26
   Compiling darling_core v0.21.3
    Checking h2 v0.4.12
    Checking tower v0.5.2
    Checking tokio-stream v0.1.17
    Checking icu_properties v2.1.2
    Checking icu_normalizer v2.1.1
    Checking aws-smithy-types v1.3.5
    Checking spin v0.9.8
   Compiling bzip2-sys v0.1.13+1.0.8
   Compiling crunchy v0.2.4
   Compiling zstd-safe v5.0.2+zstd.1.5.2
    Checking flume v0.12.0
    Checking tokio-metrics v0.4.6
   Compiling prost-build v0.14.1
   Compiling tar v0.4.44
    Checking env_logger v0.11.8
   Compiling inout v0.1.4
    Checking iana-time-zone v0.1.64
   Compiling base64ct v1.8.1
    Checking utf8_iter v1.0.4
    Checking axum v0.8.7
    Checking idna_adapter v1.2.1
   Compiling password-hash v0.4.2
    Checking chrono v0.4.42
    Checking idna v1.1.0
   Compiling tonic-prost-build v0.14.2
   Compiling cipher v0.4.4
    Checking opentelemetry_sdk v0.31.0
    Checking half v2.7.1
    Checking ownedbytes v0.9.0 (https://github.com/quickwit-oss/tantivy/?rev=618e3bd#618e3bd1)
   Compiling typeid v1.0.3
   Compiling quickwit-codegen v0.8.0 (/Users/cong.xie/go/src/github.com/DataDog/quickwit/quickwit/quickwit-codegen)
    Checking predicates-core v1.0.9
    Checking glob v0.3.3
   Compiling aes v0.8.4
    Checking tantivy-common v0.10.0 (https://github.com/quickwit-oss/tantivy/?rev=618e3bd#618e3bd1)
    Checking bitpacking v0.9.2
   Compiling pbkdf2 v0.11.0
    Checking url v2.5.7
   Compiling zstd v0.11.2+zstd.1.5.2
   Compiling bzip2 v0.4.4
   Compiling sha1 v0.10.6
   Compiling encoding_rs_io v0.1.7
    Checking float-cmp v0.10.0
    Checking lru v0.12.5
    Checking ciborium-io v0.2.2
    Checking termtree v0.5.1
   Compiling erased-serde v0.4.9
    Checking utf8-ranges v1.0.5
   Compiling constant_time_eq v0.1.5
    Checking difflib v0.4.0
    Checking normalize-line-endings v0.3.0
   Compiling lindera-ipadic-builder v0.27.2
   Compiling zip v0.6.6
    Checking predicates-tree v1.0.12
    Checking tantivy-fst v0.5.0
    Checking ciborium-ll v0.2.2
    Checking predicates v3.1.3
   Compiling darling_macro v0.21.3
    Checking rand_distr v0.4.3
   Compiling lindera-cc-cedict-builder v0.27.2
   Compiling lindera-ko-dic-builder v0.27.2
    Checking aws-smithy-async v1.2.7
    Checking downcast v0.11.0
    Checking murmurhash32 v0.3.1
   Compiling typetag v0.2.21
    Checking hyper v1.8.1
    Checking fragile v2.0.1
    Checking tantivy-stacker v0.6.0 (https://github.com/quickwit-oss/tantivy/?rev=618e3bd#618e3bd1)
   Compiling darling v0.21.3
   Compiling lindera-ipadic v0.27.2
    Checking aws-smithy-runtime-api v1.9.3
    Checking mockall v0.14.0
    Checking ciborium v0.2.2
    Checking utoipa v5.4.0
    Checking tracing-opentelemetry v0.32.0
   Compiling quickwit-proto v0.8.0 (/Users/cong.xie/go/src/github.com/DataDog/quickwit/quickwit/quickwit-proto)
   Compiling lindera-cc-cedict v0.27.2
   Compiling lindera-ko-dic v0.27.2
    Checking ulid v1.2.1
    Checking bytestring v1.5.0
   Compiling bon-macros v3.8.1
    Checking ordered-float v5.1.0
    Checking webpki-roots v1.0.4
   Compiling typetag-impl v0.2.21
    Checking downcast-rs v2.0.2
    Checking inventory v0.3.21
    Checking rustc-hash v2.1.1
    Checking fastdivide v0.4.2
    Checking arc-swap v1.8.0
    Checking fs4 v0.13.1
    Checking crossbeam-channel v0.5.15
    Checking tantivy-query-grammar v0.25.0 (https://github.com/quickwit-oss/tantivy/?rev=618e3bd#618e3bd1)
    Checking tantivy-tokenizer-api v0.6.0 (https://github.com/quickwit-oss/tantivy/?rev=618e3bd#618e3bd1)
    Checking hyperloglogplus v0.4.1
    Checking rust-stemmers v1.2.0
    Checking sketches-ddsketch v0.3.0
    Checking memmap2 v0.9.9
    Checking hyper-util v0.1.19
    Checking tantivy-bitpacker v0.9.0 (https://github.com/quickwit-oss/tantivy/?rev=618e3bd#618e3bd1)
    Checking cpufeatures v0.2.17
    Checking measure_time v0.9.0
    Checking levenshtein_automata v0.2.1
    Checking census v0.4.2
    Checking htmlescape v0.3.1
    Checking lz4_flex v0.11.5
    Checking oneshot v0.1.11
    Checking lindera-ipadic-neologd-builder v0.27.2
    Checking lindera-unidic-builder v0.27.2
    Checking time-fmt v0.3.8
    Checking yansi v1.0.1
    Checking const-oid v0.9.6
   Compiling semver v1.0.27
    Checking der v0.6.1
   Compiling serde_with_macros v3.16.1
   Compiling rustls v0.21.12
    Checking whichlang v0.1.1
   Compiling rustc_version v0.4.1
    Checking sha2 v0.10.9
    Checking num-bigint v0.4.6
    Checking crypto-bigint v0.4.9
    Checking ff v0.12.1
    Checking rustls-webpki v0.101.7
    Checking sct v0.7.1
    Checking spki v0.6.0
    Checking xmlparser v0.13.6
    Checking pkcs8 v0.9.0
    Checking hyper-timeout v0.5.2
    Checking base16ct v0.1.1
    Checking group v0.12.1
    Checking h2 v0.3.27
    Checking hmac v0.12.1
    Checking sec1 v0.3.0
    Checking assert-json-diff v2.0.2
    Checking socket2 v0.5.10
    Checking bs58 v0.5.1
    Checking data-encoding v2.9.0
    Checking diff v0.1.13
    Checking separator v0.4.1
    Checking elliptic-curve v0.12.3
    Checking num-rational v0.4.2
    Checking serde_with v3.16.1
    Checking pretty_assertions v1.4.1
    Checking rfc6979 v0.3.1
    Checking roxmltree v0.14.1
    Checking aws-smithy-eventstream v0.60.14
    Checking signature v1.6.4
    Checking regex-lite v0.1.8
    Checking ecdsa v0.14.8
    Checking cbor-diag v0.1.12
   Compiling aws-types v1.3.11
    Checking aws-smithy-http v0.62.6
    Checking aws-credential-types v1.2.11
    Checking serde_json_borrow v0.5.1
   Compiling quickwit-macros v0.8.0 (/Users/cong.xie/go/src/github.com/DataDog/quickwit/quickwit/quickwit-macros)
    Checking unsafe-libyaml v0.2.11
    Checking p256 v0.11.1
    Checking aws-smithy-observability v0.1.5
    Checking crypto-bigint v0.5.5
    Checking winnow v0.7.14
    Checking aws-smithy-protocol-test v0.63.7
    Checking serde_yaml v0.9.34+deprecated
    Checking toml_datetime v0.7.4+spec-1.0.0
    Checking serde_spanned v1.0.4
   Compiling enum-iterator-derive v1.5.0
    Checking winnow v0.6.26
    Checking toml_writer v1.0.5+spec-1.0.0
    Checking aws-smithy-json v0.61.9
    Checking tokio-rustls v0.24.1
    Checking new_string_template v1.5.3
    Checking http-serde v2.1.1
    Checking aws-sigv4 v1.3.7
    Checking json_comments v0.2.2
    Checking toml_parser v1.0.5+spec-1.0.0
   Compiling crc32c v0.6.8
    Checking aws-smithy-xml v0.60.13
    Checking urlencoding v2.1.3
    Checking bon v3.8.1
    Checking hyper v0.14.32
    Checking aws-smithy-http v0.60.12
    Checking enum-iterator v2.3.0
    Checking md-5 v0.10.6
    Checking aws-smithy-query v0.60.9
    Checking aws-smithy-json v0.60.7
    Checking toml v0.9.9+spec-1.0.0
    Checking md5 v0.8.0
    Checking lru v0.16.2
    Checking lru v0.13.0
   Compiling proc-macro2-diagnostics v0.10.1
    Checking compression-core v0.4.31
   Compiling quickwit-ingest v0.8.0 (/Users/cong.xie/go/src/github.com/DataDog/quickwit/quickwit/quickwit-ingest)
   Compiling heck v0.4.1
    Checking mrecordlog v0.4.0 (https://github.com/quickwit-oss/mrecordlog?rev=306c0a7#306c0a70)
    Checking cron v0.15.0
error[E0599]: no method named `add_type_attribute` found for struct `quickwit_codegen::codegen::CodegenBuilder` in the current scope
  --> quickwit-ingest/build.rs:30:10
   |
22 | /     Codegen::builder()
23 | |         .with_protos(&["src/ingest_service.proto"])
24 | |         .with_output_dir("src/codegen/")
25 | |         .with_result_type_path("crate::Result")
...  |
30 | |         .add_type_attribute("IngestResponse", "#[derive(utoipa::ToSchema)]")
   | |         -^^^^^^^^^^^^^^^^^^ method not found in `quickwit_codegen::codegen::CodegenBuilder`
   | |_________|
   |

For more information about this error, try `rustc --explain E0599`.
error: could not compile `quickwit-ingest` (build script) due to 1 previous error
warning: build failed, waiting for other jobs to finish...
